<?xml version="1.0" encoding="UTF-8"?>
<!-- Generated by org.testng.reporters.JUnitReportReporter -->
<testsuite hostname="Advait" failures="0" tests="2" name="testcases.VerifyLogin" time="22.982" errors="0" timestamp="2024-09-02T08:17:17 IST" skipped="1">
  <testcase classname="testcases.VerifyLogin" name="logintestcase" time="22.982"/>
  <system-out/>
  <testcase classname="testcases.VerifyLogin" name="loginnegativetestcase">
    <skipped/>
  </testcase> <!-- loginnegativetestcase -->
  <system-out/>
</testsuite> <!-- testcases.VerifyLogin -->
