<?xml version="1.0" encoding="UTF-8"?>
<!-- Generated by org.testng.reporters.JUnitReportReporter -->
<testsuite hostname="Advait" failures="0" tests="2" name="TestNgPractice.TestNG" time="0.011" errors="0" timestamp="2024-08-23T16:02:46 IST" skipped="0">
  <testcase classname="TestNgPractice.TestNG" name="method1" time="0.009"/>
  <testcase classname="TestNgPractice.TestNG" name="method2" time="0.002"/>
</testsuite> <!-- TestNgPractice.TestNG -->
