<?xml version="1.0" encoding="UTF-8"?>
<!-- Generated by org.testng.reporters.JUnitReportReporter -->
<testsuite hostname="Advait" failures="0" tests="2" name="testcases.VerifyRegistration" time="15.888" errors="0" timestamp="2024-09-02T08:17:17 IST" skipped="1">
  <testcase classname="testcases.VerifyRegistration" name="registration" time="15.888"/>
  <system-out/>
  <testcase classname="testcases.VerifyRegistration" name="negativeTestcase">
    <skipped/>
  </testcase> <!-- negativeTestcase -->
  <system-out/>
</testsuite> <!-- testcases.VerifyRegistration -->
